Build started 08-Sep-15 9:40:19 PM.
     1>Project "c:\Users\chung\documents\visual studio 2015\Projects\App1\App1\App1.Windows\App1.Windows.vcxproj" on node 2 (Build target(s)).
     1>ClCompile:
         C:\Program Files (x86)\Microsoft Visual Studio 12.0\VC\bin\CL.exe /c /I"c:\Users\chung\documents\visual studio 2015\Projects\App1\App1\App1.Windows\\" /I"Generated Files\\" /IDebug\ /I"c:\Users\chung\documents\visual studio 2015\Projects\App1\App1\App1.Shared\\" /ZI /ZW /ZW:nostdlib /nologo /W3 /WX- /sdl /MP /Od /Oy- /D _UNICODE /D UNICODE /D _DEBUG /D WINAPI_FAMILY=WINAPI_FAMILY_APP /Gm- /EHsc /RTC1 /MDd /GS /fp:precise /Zc:wchar_t /Zc:forScope /Yu"pch.h" /Fp"Debug\App1.Windows.pch" /Fo"Debug\\" /Fd"Debug\vc120.pdb" /Gd /TP /wd4453 /wd28204 /FU"C:\Program Files (x86)\Microsoft SDKs\Windows\v8.1\ExtensionSDKs\Microsoft.VCLibs\12.0\References\CommonConfiguration\neutral\platform.winmd" /FU"C:\Program Files (x86)\Windows Kits\8.1\References\CommonConfiguration\Neutral\Windows.winmd" /FU"C:\Program Files (x86)\Windows Kits\8.1\References\CommonConfiguration\Neutral\Windows.winmd" /analyze- /errorReport:prompt /bigobj MainPage.xaml.cpp "c:\Users\chung\documents\visual studio 2015\Projects\App1\App1\App1.Shared\App.xaml.cpp"
         MainPage.xaml.cpp
         App.xaml.cpp
       CreateWinMD:
         C:\Program Files (x86)\Microsoft Visual Studio 12.0\VC\bin\link.exe /ERRORREPORT:PROMPT /OUT:"c:\Users\chung\documents\visual studio 2015\Projects\App1\Debug\App1.Windows\App1.Windows.exe" /INCREMENTAL /NOLOGO kernel32.lib /MANIFEST:NO /DEBUG /PDB:"c:\Users\chung\documents\visual studio 2015\Projects\App1\Debug\App1.Windows\App1.Windows.pdb" /SUBSYSTEM:WINDOWS /TLBID:1 /APPCONTAINER /WINMD:ONLY /WINMDFILE:"c:\Users\chung\documents\visual studio 2015\Projects\App1\Debug\App1.Windows\App1.winmd" /DYNAMICBASE /NXCOMPAT /MACHINE:X86 Debug\App.xaml.obj
         Debug\pch.obj
         Debug\MainPage.xaml.obj
         Debug\XamlTypeInfo.Impl.g.obj
       CompileXamlGeneratedFiles:
         C:\Program Files (x86)\Microsoft Visual Studio 12.0\VC\bin\CL.exe /c /I"c:\Users\chung\documents\visual studio 2015\Projects\App1\App1\App1.Windows\\" /I"Generated Files\\" /IDebug\ /I"c:\Users\chung\documents\visual studio 2015\Projects\App1\App1\App1.Shared\\" /ZI /ZW /ZW:nostdlib /nologo /W3 /WX- /sdl /MP /Od /Oy- /D _UNICODE /D UNICODE /D _DEBUG /D WINAPI_FAMILY=WINAPI_FAMILY_APP /Gm- /EHsc /RTC1 /MDd /GS /fp:precise /Zc:wchar_t /Zc:forScope /Yu"pch.h" /Fp"Debug\App1.Windows.pch" /Fo"Debug\\" /Fd"Debug\vc120.pdb" /Gd /TP /wd4453 /wd28204 /FU"C:\Program Files (x86)\Microsoft SDKs\Windows\v8.1\ExtensionSDKs\Microsoft.VCLibs\12.0\References\CommonConfiguration\neutral\platform.winmd" /FU"C:\Program Files (x86)\Windows Kits\8.1\References\CommonConfiguration\Neutral\Windows.winmd" /FU"C:\Program Files (x86)\Windows Kits\8.1\References\CommonConfiguration\Neutral\Windows.winmd" /analyze- /errorReport:prompt /bigobj "Generated Files\XamlTypeInfo.g.cpp"
         XamlTypeInfo.g.cpp
       Link:
         C:\Program Files (x86)\Microsoft Visual Studio 12.0\VC\bin\link.exe /ERRORREPORT:PROMPT /OUT:"c:\Users\chung\documents\visual studio 2015\Projects\App1\Debug\App1.Windows\App1.Windows.exe" /INCREMENTAL /NOLOGO kernel32.lib /MANIFEST:NO /DEBUG /PDB:"c:\Users\chung\documents\visual studio 2015\Projects\App1\Debug\App1.Windows\App1.Windows.pdb" /SUBSYSTEM:WINDOWS /TLBID:1 /APPCONTAINER /WINMD:NO /WINMDFILE:"c:\Users\chung\documents\visual studio 2015\Projects\App1\Debug\App1.Windows\App1.winmd" /DYNAMICBASE /NXCOMPAT /MACHINE:X86 Debug\App.xaml.obj
         Debug\pch.obj
         Debug\MainPage.xaml.obj
         Debug\XamlTypeInfo.Impl.g.obj
         Debug\XamlTypeInfo.g.obj
            Creating library c:\Users\chung\documents\visual studio 2015\Projects\App1\Debug\App1.Windows\App1.Windows.lib and object c:\Users\chung\documents\visual studio 2015\Projects\App1\Debug\App1.Windows\App1.Windows.exp
         App1.Windows.vcxproj -> c:\Users\chung\documents\visual studio 2015\Projects\App1\Debug\App1.Windows\App1.Windows.exe
     1>Done Building Project "c:\Users\chung\documents\visual studio 2015\Projects\App1\App1\App1.Windows\App1.Windows.vcxproj" (Build target(s)).

Build succeeded.

Time Elapsed 00:00:04.88
